2015-05-28T15:12:19+02:00 INFO (6): array (
  0 => 
  array (
    0 => 'Nombre',
    1 => 'Id Empleado Pronoi',
    2 => 'Id Empleado RH',
    3 => 'Id Empleado Mitrol',
    4 => 'Fecha Ingreso',
    5 => 'Horario',
    6 => 'Unidad de Negocio',
    7 => 'Puesto',
    8 => 'Campaña',
    9 => 'Jefe Inmediato',
    10 => 'Sueldo Diario',
    11 => '1/5/2015',
    12 => '2/5/2015',
    13 => '3/5/2015',
    14 => '4/5/2015',
    15 => '5/5/2015',
    16 => '6/5/2015',
    17 => '7/5/2015',
    18 => '8/5/2015',
    19 => '9/5/2015',
    20 => '10/5/2015',
    21 => '11/5/2015',
    22 => '12/5/2015',
    23 => '13/5/2015',
    24 => '14/5/2015',
    25 => '15/5/2015',
    26 => 'Nota de Calidad -Nota
',
    27 => 'Nota de calidad - Ptos
',
    28 => 'Responsabilidad Personal - Faltas
',
    29 => 'Responsabilidad Personal - Ptos
',
    30 => 'Puntualidad - Retardos
',
    31 => 'Puntualidad - Ptos
',
    32 => 'Factor
',
    33 => 'Bono Final - %
',
    34 => 'Bono Final - $
',
  ),
  1 => 
  array (
    0 => 'AGENTE IP',
    1 => '82',
    2 => '36',
    3 => '144',
    4 => '2012-01-24 00:00:00.000',
    5 => '09:00-18:00',
    6 => 'Club de Asistencia',
    7 => 'Operador Telefónico',
    8 => '-',
    9 => 'JAIME HERNANDEZ',
    10 => '$ 116,66',
    11 => 'Falta',
    12 => 'Falta',
    13 => 'Falta',
    14 => 'Asistencia',
    15 => 'Asistencia',
    16 => 'Falta',
    17 => 'Asistencia',
    18 => 'Falta',
    19 => 'Falta',
    20 => 'Falta',
    21 => 'Asistencia',
    22 => 'Asistencia',
    23 => 'Falta',
    24 => 'Falta',
    25 => 'Falta',
    26 => '90',
    27 => '40',
    28 => '10',
    29 => '0',
    30 => '0',
    31 => '30',
    32 => '10',
    33 => '70',
    34 => '700',
  ),
  2 => 
  array (
    0 => 'JORGE SANCHEZ',
    1 => '91',
    2 => '45',
    3 => '153',
    4 => '2012-01-24 00:00:00.000',
    5 => '09:00-18:00',
    6 => 'Club de Asistencia',
    7 => 'Operador Telefónico',
    8 => '-',
    9 => 'JAIME HERNANDEZ',
    10 => '$ 116,66',
    11 => 'Asistencia',
    12 => 'Asistencia',
    13 => 'Asistencia',
    14 => 'Asistencia',
    15 => 'Asistencia',
    16 => 'Asistencia',
    17 => 'Asistencia',
    18 => 'Asistencia',
    19 => 'Asistencia',
    20 => 'Asistencia',
    21 => 'Asistencia',
    22 => 'Asistencia',
    23 => 'Falta',
    24 => 'Falta',
    25 => 'Falta',
    26 => '90',
    27 => '40',
    28 => '3',
    29 => '0',
    30 => '6',
    31 => '6',
    32 => '10',
    33 => '46',
    34 => '460',
  ),
)
2015-05-28T15:12:20+02:00 INFO (6): array (
  0 => 
  array (
    0 => 'Nombre',
    1 => 'Id Empleado Pronoi',
    2 => 'Id Empleado RH',
    3 => 'Id Empleado Mitrol',
    4 => 'Fecha Ingreso',
    5 => 'Horario',
    6 => 'Unidad de Negocio',
    7 => 'Puesto',
    8 => 'Campaña',
    9 => 'Jefe Inmediato',
    10 => 'Sueldo Diario',
    11 => '1/5/2015',
    12 => '2/5/2015',
    13 => '3/5/2015',
    14 => '4/5/2015',
    15 => '5/5/2015',
    16 => '6/5/2015',
    17 => '7/5/2015',
    18 => '8/5/2015',
    19 => '9/5/2015',
    20 => '10/5/2015',
    21 => '11/5/2015',
    22 => '12/5/2015',
    23 => '13/5/2015',
    24 => '14/5/2015',
    25 => '15/5/2015',
    26 => 'Nota de Calidad -Nota
',
    27 => 'Nota de calidad - Ptos
',
    28 => 'Responsabilidad Personal - Faltas
',
    29 => 'Responsabilidad Personal - Ptos
',
    30 => 'Puntualidad - Retardos
',
    31 => 'Puntualidad - Ptos
',
    32 => 'Factor
',
    33 => 'Bono Final - %
',
    34 => 'Bono Final - $
',
  ),
  82 => 
  array (
    0 => 'AGENTE IP',
    1 => '82',
    2 => '36',
    3 => '144',
    4 => '2012-01-24 00:00:00.000',
    5 => '09:00-18:00',
    6 => 'Club de Asistencia',
    7 => 'Operador Telefónico',
    8 => '-',
    9 => 'JAIME HERNANDEZ',
    10 => '$ 116,66',
    11 => 'Falta',
    12 => 'Falta',
    13 => 'Falta',
    14 => 'Asistencia',
    15 => 'Asistencia',
    16 => 'Falta',
    17 => 'Asistencia',
    18 => 'Falta',
    19 => 'Falta',
    20 => 'Falta',
    21 => 'Asistencia',
    22 => 'Asistencia',
    23 => 'Falta',
    24 => 'Falta',
    25 => 'Falta',
    26 => '90',
    27 => '40',
    28 => '10',
    29 => '0',
    30 => '0',
    31 => '30',
    32 => '10',
    33 => '70',
    34 => '700',
  ),
  91 => 
  array (
    0 => 'JORGE SANCHEZ',
    1 => '91',
    2 => '45',
    3 => '153',
    4 => '2012-01-24 00:00:00.000',
    5 => '09:00-18:00',
    6 => 'Club de Asistencia',
    7 => 'Operador Telefónico',
    8 => '-',
    9 => 'JAIME HERNANDEZ',
    10 => '$ 116,66',
    11 => 'Asistencia',
    12 => 'Asistencia',
    13 => 'Asistencia',
    14 => 'Asistencia',
    15 => 'Asistencia',
    16 => 'Asistencia',
    17 => 'Asistencia',
    18 => 'Asistencia',
    19 => 'Asistencia',
    20 => 'Asistencia',
    21 => 'Asistencia',
    22 => 'Asistencia',
    23 => 'Falta',
    24 => 'Falta',
    25 => 'Falta',
    26 => '90',
    27 => '40',
    28 => '3',
    29 => '0',
    30 => '6',
    31 => '6',
    32 => '10',
    33 => '46',
    34 => '460',
  ),
)
2015-05-28T15:16:17+02:00 INFO (6): array (
  0 => 
  array (
    0 => 'Nombre',
    1 => 'Id Empleado Pronoi',
    2 => 'Id Empleado RH',
    3 => 'Id Empleado Mitrol',
    4 => 'Fecha Ingreso',
    5 => 'Horario',
    6 => 'Unidad de Negocio',
    7 => 'Puesto',
    8 => 'Campaña',
    9 => 'Jefe Inmediato',
    10 => 'Sueldo Diario',
    11 => '1/5/2015',
    12 => '2/5/2015',
    13 => '3/5/2015',
    14 => '4/5/2015',
    15 => '5/5/2015',
    16 => '6/5/2015',
    17 => '7/5/2015',
    18 => '8/5/2015',
    19 => '9/5/2015',
    20 => '10/5/2015',
    21 => '11/5/2015',
    22 => '12/5/2015',
    23 => '13/5/2015',
    24 => '14/5/2015',
    25 => '15/5/2015',
    26 => 'Nota de Calidad -Nota
',
    27 => 'Nota de calidad - Ptos
',
    28 => 'Responsabilidad Personal - Faltas
',
    29 => 'Responsabilidad Personal - Ptos
',
    30 => 'Puntualidad - Retardos
',
    31 => 'Puntualidad - Ptos
',
    32 => 'Factor
',
    33 => 'Bono Final - %
',
    34 => 'Bono Final - $
',
  ),
  1 => 
  array (
    0 => 'AGENTE IP',
    1 => '82',
    2 => '36',
    3 => '144',
    4 => '2012-01-24 00:00:00.000',
    5 => '09:00-18:00',
    6 => 'Club de Asistencia',
    7 => 'Operador Telefónico',
    8 => '-',
    9 => 'JAIME HERNANDEZ',
    10 => '$ 116,66',
    11 => 'Falta',
    12 => 'Falta',
    13 => 'Falta',
    14 => 'Asistencia',
    15 => 'Asistencia',
    16 => 'Falta',
    17 => 'Asistencia',
    18 => 'Falta',
    19 => 'Falta',
    20 => 'Falta',
    21 => 'Asistencia',
    22 => 'Asistencia',
    23 => 'Falta',
    24 => 'Falta',
    25 => 'Falta',
    26 => '90',
    27 => '40',
    28 => '10',
    29 => '0',
    30 => '0',
    31 => '30',
    32 => '10',
    33 => '70',
    34 => '700',
  ),
  2 => 
  array (
    0 => 'JORGE SANCHEZ',
    1 => '91',
    2 => '45',
    3 => '153',
    4 => '2012-01-24 00:00:00.000',
    5 => '09:00-18:00',
    6 => 'Club de Asistencia',
    7 => 'Operador Telefónico',
    8 => '-',
    9 => 'JAIME HERNANDEZ',
    10 => '$ 116,66',
    11 => 'Asistencia',
    12 => 'Asistencia',
    13 => 'Asistencia',
    14 => 'Asistencia',
    15 => 'Asistencia',
    16 => 'Asistencia',
    17 => 'Asistencia',
    18 => 'Asistencia',
    19 => 'Asistencia',
    20 => 'Asistencia',
    21 => 'Asistencia',
    22 => 'Asistencia',
    23 => 'Falta',
    24 => 'Falta',
    25 => 'Falta',
    26 => '90',
    27 => '40',
    28 => '3',
    29 => '0',
    30 => '6',
    31 => '6',
    32 => '10',
    33 => '46',
    34 => '460',
  ),
)
2015-05-28T15:16:18+02:00 INFO (6): array (
  0 => 
  array (
    0 => 'Nombre',
    1 => 'Id Empleado Pronoi',
    2 => 'Id Empleado RH',
    3 => 'Id Empleado Mitrol',
    4 => 'Fecha Ingreso',
    5 => 'Horario',
    6 => 'Unidad de Negocio',
    7 => 'Puesto',
    8 => 'Campaña',
    9 => 'Jefe Inmediato',
    10 => 'Sueldo Diario',
    11 => '1/5/2015',
    12 => '2/5/2015',
    13 => '3/5/2015',
    14 => '4/5/2015',
    15 => '5/5/2015',
    16 => '6/5/2015',
    17 => '7/5/2015',
    18 => '8/5/2015',
    19 => '9/5/2015',
    20 => '10/5/2015',
    21 => '11/5/2015',
    22 => '12/5/2015',
    23 => '13/5/2015',
    24 => '14/5/2015',
    25 => '15/5/2015',
    26 => 'Nota de Calidad -Nota',
    27 => 'Nota de calidad - Ptos',
    28 => 'Responsabilidad Personal - Faltas',
    29 => 'Responsabilidad Personal - Ptos',
    30 => 'Puntualidad - Retardos',
    31 => 'Puntualidad - Ptos',
    32 => 'Factor',
    33 => 'Bono Final - %',
    34 => 'Bono Final - $',
  ),
  82 => 
  array (
    0 => 'AGENTE IP',
    1 => '82',
    2 => '36',
    3 => '144',
    4 => '2012-01-24 00:00:00.000',
    5 => '09:00-18:00',
    6 => 'Club de Asistencia',
    7 => 'Operador Telefónico',
    8 => '-',
    9 => 'JAIME HERNANDEZ',
    10 => '$ 116,66',
    11 => 'Falta',
    12 => 'Falta',
    13 => 'Falta',
    14 => 'Asistencia',
    15 => 'Asistencia',
    16 => 'Falta',
    17 => 'Asistencia',
    18 => 'Falta',
    19 => 'Falta',
    20 => 'Falta',
    21 => 'Asistencia',
    22 => 'Asistencia',
    23 => 'Falta',
    24 => 'Falta',
    25 => 'Falta',
    26 => '90',
    27 => '40',
    28 => '10',
    29 => '0',
    30 => '0',
    31 => '30',
    32 => '10',
    33 => '70',
    34 => '700',
  ),
  91 => 
  array (
    0 => 'JORGE SANCHEZ',
    1 => '91',
    2 => '45',
    3 => '153',
    4 => '2012-01-24 00:00:00.000',
    5 => '09:00-18:00',
    6 => 'Club de Asistencia',
    7 => 'Operador Telefónico',
    8 => '-',
    9 => 'JAIME HERNANDEZ',
    10 => '$ 116,66',
    11 => 'Asistencia',
    12 => 'Asistencia',
    13 => 'Asistencia',
    14 => 'Asistencia',
    15 => 'Asistencia',
    16 => 'Asistencia',
    17 => 'Asistencia',
    18 => 'Asistencia',
    19 => 'Asistencia',
    20 => 'Asistencia',
    21 => 'Asistencia',
    22 => 'Asistencia',
    23 => 'Falta',
    24 => 'Falta',
    25 => 'Falta',
    26 => '90',
    27 => '40',
    28 => '3',
    29 => '0',
    30 => '6',
    31 => '6',
    32 => '10',
    33 => '46',
    34 => '460',
  ),
)
2015-05-28T15:27:54+02:00 INFO (6): array (
  0 => 
  array (
    0 => 'Nombre',
    1 => 'Id Empleado Pronoi',
    2 => 'Id Empleado RH',
    3 => 'Id Empleado Mitrol',
    4 => 'Fecha Ingreso',
    5 => 'Horario',
    6 => 'Unidad de Negocio',
    7 => 'Puesto',
    8 => 'Campaña',
    9 => 'Jefe Inmediato',
    10 => 'Sueldo Diario',
    11 => '1/5/2015',
    12 => '2/5/2015',
    13 => '3/5/2015',
    14 => '4/5/2015',
    15 => '5/5/2015',
    16 => '6/5/2015',
    17 => '7/5/2015',
    18 => '8/5/2015',
    19 => '9/5/2015',
    20 => '10/5/2015',
    21 => '11/5/2015',
    22 => '12/5/2015',
    23 => '13/5/2015',
    24 => '14/5/2015',
    25 => '15/5/2015',
    26 => 'Nota de Calidad -Nota
',
    27 => 'Nota de calidad - Ptos
',
    28 => 'Responsabilidad Personal - Faltas
',
    29 => 'Responsabilidad Personal - Ptos
',
    30 => 'Puntualidad - Retardos
',
    31 => 'Puntualidad - Ptos
',
    32 => 'Factor
',
    33 => 'Bono Final - %
',
    34 => 'Bono Final - $
',
  ),
  1 => 
  array (
    0 => 'AGENTE IP',
    1 => '82',
    2 => '36',
    3 => '144',
    4 => '2012-01-24 00:00:00.000',
    5 => '09:00-18:00',
    6 => 'Club de Asistencia',
    7 => 'Operador Telefónico',
    8 => '-',
    9 => 'JAIME HERNANDEZ',
    10 => '$ 116,66',
    11 => 'Falta',
    12 => 'Falta',
    13 => 'Falta',
    14 => 'Asistencia',
    15 => 'Asistencia',
    16 => 'Falta',
    17 => 'Asistencia',
    18 => 'Falta',
    19 => 'Falta',
    20 => 'Falta',
    21 => 'Asistencia',
    22 => 'Asistencia',
    23 => 'Falta',
    24 => 'Falta',
    25 => 'Falta',
    26 => '90',
    27 => '40',
    28 => '10',
    29 => '0',
    30 => '0',
    31 => '30',
    32 => '10',
    33 => '70',
    34 => '700',
  ),
  2 => 
  array (
    0 => 'JORGE SANCHEZ',
    1 => '91',
    2 => '45',
    3 => '153',
    4 => '2012-01-24 00:00:00.000',
    5 => '09:00-18:00',
    6 => 'Club de Asistencia',
    7 => 'Operador Telefónico',
    8 => '-',
    9 => 'JAIME HERNANDEZ',
    10 => '$ 116,66',
    11 => 'Asistencia',
    12 => 'Asistencia',
    13 => 'Asistencia',
    14 => 'Asistencia',
    15 => 'Asistencia',
    16 => 'Asistencia',
    17 => 'Asistencia',
    18 => 'Asistencia',
    19 => 'Asistencia',
    20 => 'Asistencia',
    21 => 'Asistencia',
    22 => 'Asistencia',
    23 => 'Falta',
    24 => 'Falta',
    25 => 'Falta',
    26 => '90',
    27 => '40',
    28 => '3',
    29 => '0',
    30 => '6',
    31 => '6',
    32 => '10',
    33 => '46',
    34 => '460',
  ),
)
2015-05-28T15:27:55+02:00 INFO (6): array (
  0 => 
  array (
    0 => 'Nombre',
    1 => 'Id Empleado Pronoi',
    2 => 'Id Empleado RH',
    3 => 'Id Empleado Mitrol',
    4 => 'Fecha Ingreso',
    5 => 'Horario',
    6 => 'Unidad de Negocio',
    7 => 'Puesto',
    8 => 'Campaña',
    9 => 'Jefe Inmediato',
    10 => 'Sueldo Diario',
    11 => '1/5/2015',
    12 => '2/5/2015',
    13 => '3/5/2015',
    14 => '4/5/2015',
    15 => '5/5/2015',
    16 => '6/5/2015',
    17 => '7/5/2015',
    18 => '8/5/2015',
    19 => '9/5/2015',
    20 => '10/5/2015',
    21 => '11/5/2015',
    22 => '12/5/2015',
    23 => '13/5/2015',
    24 => '14/5/2015',
    25 => '15/5/2015',
    26 => 'Nota de Calidad -Nota',
    27 => 'Nota de calidad - Ptos',
    28 => 'Responsabilidad Personal - Faltas',
    29 => 'Responsabilidad Personal - Ptos',
    30 => 'Puntualidad - Retardos',
    31 => 'Puntualidad - Ptos',
    32 => 'Factor',
    33 => 'Bono Final - %',
    34 => 'Bono Final - $',
  ),
  82 => 
  array (
    0 => 'AGENTE IP',
    1 => '82',
    2 => '36',
    3 => '144',
    4 => '2012-01-24 00:00:00.000',
    5 => '09:00-18:00',
    6 => 'Club de Asistencia',
    7 => 'Operador Telefónico',
    8 => '-',
    9 => 'JAIME HERNANDEZ',
    10 => '$ 116,66',
    11 => 'Falta',
    12 => 'Falta',
    13 => 'Falta',
    14 => 'Asistencia',
    15 => 'Asistencia',
    16 => 'Falta',
    17 => 'Asistencia',
    18 => 'Falta',
    19 => 'Falta',
    20 => 'Falta',
    21 => 'Asistencia',
    22 => 'Asistencia',
    23 => 'Falta',
    24 => 'Falta',
    25 => 'Falta',
    26 => '90',
    27 => '40',
    28 => '10',
    29 => '0',
    30 => '0',
    31 => '30',
    32 => '10',
    33 => '70',
    34 => '700',
  ),
  91 => 
  array (
    0 => 'JORGE SANCHEZ',
    1 => '91',
    2 => '45',
    3 => '153',
    4 => '2012-01-24 00:00:00.000',
    5 => '09:00-18:00',
    6 => 'Club de Asistencia',
    7 => 'Operador Telefónico',
    8 => '-',
    9 => 'JAIME HERNANDEZ',
    10 => '$ 116,66',
    11 => 'Asistencia',
    12 => 'Asistencia',
    13 => 'Asistencia',
    14 => 'Asistencia',
    15 => 'Asistencia',
    16 => 'Asistencia',
    17 => 'Asistencia',
    18 => 'Asistencia',
    19 => 'Asistencia',
    20 => 'Asistencia',
    21 => 'Asistencia',
    22 => 'Asistencia',
    23 => 'Falta',
    24 => 'Falta',
    25 => 'Falta',
    26 => '90',
    27 => '40',
    28 => '3',
    29 => '0',
    30 => '6',
    31 => '6',
    32 => '10',
    33 => '46',
    34 => '460',
  ),
)
2015-05-28T15:36:12+02:00 INFO (6): array (
  0 => 
  array (
    0 => 'Nombre',
    1 => 'Id Empleado Pronoi',
    2 => 'Id Empleado RH',
    3 => 'Id Empleado Mitrol',
    4 => 'Fecha Ingreso',
    5 => 'Horario',
    6 => 'Unidad de Negocio',
    7 => 'Puesto',
    8 => 'Campaña',
    9 => 'Jefe Inmediato',
    10 => 'Sueldo Diario',
    11 => '1/5/2015',
    12 => '2/5/2015',
    13 => '3/5/2015',
    14 => '4/5/2015',
    15 => '5/5/2015',
    16 => '6/5/2015',
    17 => '7/5/2015',
    18 => '8/5/2015',
    19 => '9/5/2015',
    20 => '10/5/2015',
    21 => '11/5/2015',
    22 => '12/5/2015',
    23 => '13/5/2015',
    24 => '14/5/2015',
    25 => '15/5/2015',
    26 => 'Nota de Calidad -Nota
',
    27 => 'Nota de calidad - Ptos
',
    28 => 'Responsabilidad Personal - Faltas
',
    29 => 'Responsabilidad Personal - Ptos
',
    30 => 'Puntualidad - Retardos
',
    31 => 'Puntualidad - Ptos
',
    32 => 'Factor
',
    33 => 'Bono Final - %
',
    34 => 'Bono Final - $
',
  ),
  1 => 
  array (
    0 => 'AGENTE IP',
    1 => '82',
    2 => '36',
    3 => '144',
    4 => '2012-01-24 00:00:00.000',
    5 => '09:00-18:00',
    6 => 'Club de Asistencia',
    7 => 'Operador Telefónico',
    8 => '-',
    9 => 'JAIME HERNANDEZ',
    10 => '$ 116,66',
    11 => 'Falta',
    12 => 'Falta',
    13 => 'Falta',
    14 => 'Asistencia',
    15 => 'Asistencia',
    16 => 'Falta',
    17 => 'Asistencia',
    18 => 'Falta',
    19 => 'Falta',
    20 => 'Falta',
    21 => 'Asistencia',
    22 => 'Asistencia',
    23 => 'Falta',
    24 => 'Falta',
    25 => 'Falta',
    26 => '90',
    27 => '40',
    28 => '10',
    29 => '0',
    30 => '0',
    31 => '30',
    32 => '10',
    33 => '70',
    34 => '700',
  ),
  2 => 
  array (
    0 => 'JORGE SANCHEZ',
    1 => '91',
    2 => '45',
    3 => '153',
    4 => '2012-01-24 00:00:00.000',
    5 => '09:00-18:00',
    6 => 'Club de Asistencia',
    7 => 'Operador Telefónico',
    8 => '-',
    9 => 'JAIME HERNANDEZ',
    10 => '$ 116,66',
    11 => 'Asistencia',
    12 => 'Asistencia',
    13 => 'Asistencia',
    14 => 'Asistencia',
    15 => 'Asistencia',
    16 => 'Asistencia',
    17 => 'Asistencia',
    18 => 'Asistencia',
    19 => 'Asistencia',
    20 => 'Asistencia',
    21 => 'Asistencia',
    22 => 'Asistencia',
    23 => 'Falta',
    24 => 'Falta',
    25 => 'Falta',
    26 => '90',
    27 => '40',
    28 => '3',
    29 => '0',
    30 => '6',
    31 => '6',
    32 => '10',
    33 => '46',
    34 => '460',
  ),
)
2015-05-28T15:36:13+02:00 INFO (6): array (
  0 => 
  array (
    0 => 'Nombre',
    1 => 'Id Empleado Pronoi',
    2 => 'Id Empleado RH',
    3 => 'Id Empleado Mitrol',
    4 => 'Fecha Ingreso',
    5 => 'Horario',
    6 => 'Unidad de Negocio',
    7 => 'Puesto',
    8 => 'Campaña',
    9 => 'Jefe Inmediato',
    10 => 'Sueldo Diario',
    11 => '1/5/2015',
    12 => '2/5/2015',
    13 => '3/5/2015',
    14 => '4/5/2015',
    15 => '5/5/2015',
    16 => '6/5/2015',
    17 => '7/5/2015',
    18 => '8/5/2015',
    19 => '9/5/2015',
    20 => '10/5/2015',
    21 => '11/5/2015',
    22 => '12/5/2015',
    23 => '13/5/2015',
    24 => '14/5/2015',
    25 => '15/5/2015',
    26 => 'Nota de Calidad -Nota',
    27 => 'Nota de calidad - Ptos',
    28 => 'Responsabilidad Personal - Faltas',
    29 => 'Responsabilidad Personal - Ptos',
    30 => 'Puntualidad - Retardos',
    31 => 'Puntualidad - Ptos',
    32 => 'Factor',
    33 => 'Bono Final - %',
    34 => 'Bono Final - $',
  ),
  1 => 
  array (
    0 => 'AGENTE IP',
    1 => '82',
    2 => '36',
    3 => '144',
    4 => '2012-01-24 00:00:00.000',
    5 => '09:00-18:00',
    6 => 'Club de Asistencia',
    7 => 'Operador Telefónico',
    8 => '-',
    9 => 'JAIME HERNANDEZ',
    10 => '$ 116,66',
    11 => 'Falta',
    12 => 'Falta',
    13 => 'Falta',
    14 => 'Asistencia',
    15 => 'Asistencia',
    16 => 'Falta',
    17 => 'Asistencia',
    18 => 'Falta',
    19 => 'Falta',
    20 => 'Falta',
    21 => 'Asistencia',
    22 => 'Asistencia',
    23 => 'Falta',
    24 => 'Falta',
    25 => 'Falta',
    26 => '90',
    27 => '40',
    28 => '10',
    29 => '0',
    30 => '0',
    31 => '30',
    32 => '10',
    33 => '70',
    34 => '700',
  ),
  2 => 
  array (
    0 => 'JORGE SANCHEZ',
    1 => '91',
    2 => '45',
    3 => '153',
    4 => '2012-01-24 00:00:00.000',
    5 => '09:00-18:00',
    6 => 'Club de Asistencia',
    7 => 'Operador Telefónico',
    8 => '-',
    9 => 'JAIME HERNANDEZ',
    10 => '$ 116,66',
    11 => 'Asistencia',
    12 => 'Asistencia',
    13 => 'Asistencia',
    14 => 'Asistencia',
    15 => 'Asistencia',
    16 => 'Asistencia',
    17 => 'Asistencia',
    18 => 'Asistencia',
    19 => 'Asistencia',
    20 => 'Asistencia',
    21 => 'Asistencia',
    22 => 'Asistencia',
    23 => 'Falta',
    24 => 'Falta',
    25 => 'Falta',
    26 => '90',
    27 => '40',
    28 => '3',
    29 => '0',
    30 => '6',
    31 => '6',
    32 => '10',
    33 => '46',
    34 => '460',
  ),
)
2015-05-28T15:42:39+02:00 INFO (6): array (
  0 => 
  array (
    0 => 'Nombre',
    1 => 'Id Empleado Pronoi',
    2 => 'Id Empleado RH',
    3 => 'Id Empleado Mitrol',
    4 => 'Fecha Ingreso',
    5 => 'Horario',
    6 => 'Unidad de Negocio',
    7 => 'Puesto',
    8 => 'Campaña',
    9 => 'Jefe Inmediato',
    10 => 'Sueldo Diario',
    11 => '1/5/2015',
    12 => '2/5/2015',
    13 => '3/5/2015',
    14 => '4/5/2015',
    15 => '5/5/2015',
    16 => '6/5/2015',
    17 => '7/5/2015',
    18 => '8/5/2015',
    19 => '9/5/2015',
    20 => '10/5/2015',
    21 => '11/5/2015',
    22 => '12/5/2015',
    23 => '13/5/2015',
    24 => '14/5/2015',
    25 => '15/5/2015',
    26 => 'Nota de Calidad -Nota
',
    27 => 'Nota de calidad - Ptos
',
    28 => 'Responsabilidad Personal - Faltas
',
    29 => 'Responsabilidad Personal - Ptos
',
    30 => 'Puntualidad - Retardos
',
    31 => 'Puntualidad - Ptos
',
    32 => 'Factor
',
    33 => 'Bono Final - %
',
    34 => 'Bono Final - $
',
  ),
  1 => 
  array (
    0 => 'AGENTE IP',
    1 => '82',
    2 => '36',
    3 => '144',
    4 => '2012-01-24 00:00:00.000',
    5 => '09:00-18:00',
    6 => 'Club de Asistencia',
    7 => 'Operador Telefónico',
    8 => '-',
    9 => 'JAIME HERNANDEZ',
    10 => '$ 116,66',
    11 => 'Falta',
    12 => 'Falta',
    13 => 'Falta',
    14 => 'Asistencia',
    15 => 'Asistencia',
    16 => 'Falta',
    17 => 'Asistencia',
    18 => 'Falta',
    19 => 'Falta',
    20 => 'Falta',
    21 => 'Asistencia',
    22 => 'Asistencia',
    23 => 'Falta',
    24 => 'Falta',
    25 => 'Falta',
    26 => '90',
    27 => '40',
    28 => '10',
    29 => '0',
    30 => '0',
    31 => '30',
    32 => '10',
    33 => '70',
    34 => '700',
  ),
  2 => 
  array (
    0 => 'JORGE SANCHEZ',
    1 => '91',
    2 => '45',
    3 => '153',
    4 => '2012-01-24 00:00:00.000',
    5 => '09:00-18:00',
    6 => 'Club de Asistencia',
    7 => 'Operador Telefónico',
    8 => '-',
    9 => 'JAIME HERNANDEZ',
    10 => '$ 116,66',
    11 => 'Asistencia',
    12 => 'Asistencia',
    13 => 'Asistencia',
    14 => 'Asistencia',
    15 => 'Asistencia',
    16 => 'Asistencia',
    17 => 'Asistencia',
    18 => 'Asistencia',
    19 => 'Asistencia',
    20 => 'Asistencia',
    21 => 'Asistencia',
    22 => 'Asistencia',
    23 => 'Falta',
    24 => 'Falta',
    25 => 'Falta',
    26 => '90',
    27 => '40',
    28 => '3',
    29 => '0',
    30 => '6',
    31 => '6',
    32 => '10',
    33 => '46',
    34 => '460',
  ),
)
2015-05-28T15:42:41+02:00 INFO (6): array (
  0 => 
  array (
    0 => 'Nombre',
    1 => 'Id Empleado Pronoi',
    2 => 'Id Empleado RH',
    3 => 'Id Empleado Mitrol',
    4 => 'Fecha Ingreso',
    5 => 'Horario',
    6 => 'Unidad de Negocio',
    7 => 'Puesto',
    8 => 'Campaña',
    9 => 'Jefe Inmediato',
    10 => 'Sueldo Diario',
    11 => '1/5/2015',
    12 => '2/5/2015',
    13 => '3/5/2015',
    14 => '4/5/2015',
    15 => '5/5/2015',
    16 => '6/5/2015',
    17 => '7/5/2015',
    18 => '8/5/2015',
    19 => '9/5/2015',
    20 => '10/5/2015',
    21 => '11/5/2015',
    22 => '12/5/2015',
    23 => '13/5/2015',
    24 => '14/5/2015',
    25 => '15/5/2015',
    26 => 'Nota de Calidad -Nota',
    27 => 'Nota de calidad - Ptos',
    28 => 'Responsabilidad Personal - Faltas',
    29 => 'Responsabilidad Personal - Ptos',
    30 => 'Puntualidad - Retardos',
    31 => 'Puntualidad - Ptos',
    32 => 'Factor',
    33 => 'Bono Final - %',
    34 => 'Bono Final - $',
  ),
  1 => 
  array (
    0 => 'AGENTE IP',
    1 => '82',
    2 => '36',
    3 => '144',
    4 => '2012-01-24 00:00:00.000',
    5 => '09:00-18:00',
    6 => 'Club de Asistencia',
    7 => 'Operador Telefónico',
    8 => '-',
    9 => 'JAIME HERNANDEZ',
    10 => '$ 116,66',
    11 => 'Falta',
    12 => 'Falta',
    13 => 'Falta',
    14 => 'Asistencia',
    15 => 'Asistencia',
    16 => 'Falta',
    17 => 'Asistencia',
    18 => 'Falta',
    19 => 'Falta',
    20 => 'Falta',
    21 => 'Asistencia',
    22 => 'Asistencia',
    23 => 'Falta',
    24 => 'Falta',
    25 => 'Falta',
    26 => '90',
    27 => '40',
    28 => '10',
    29 => '0',
    30 => '0',
    31 => '30',
    32 => '10',
    33 => '70',
    34 => '700',
  ),
  2 => 
  array (
    0 => 'JORGE SANCHEZ',
    1 => '91',
    2 => '45',
    3 => '153',
    4 => '2012-01-24 00:00:00.000',
    5 => '09:00-18:00',
    6 => 'Club de Asistencia',
    7 => 'Operador Telefónico',
    8 => '-',
    9 => 'JAIME HERNANDEZ',
    10 => '$ 116,66',
    11 => 'Asistencia',
    12 => 'Asistencia',
    13 => 'Asistencia',
    14 => 'Asistencia',
    15 => 'Asistencia',
    16 => 'Asistencia',
    17 => 'Asistencia',
    18 => 'Asistencia',
    19 => 'Asistencia',
    20 => 'Asistencia',
    21 => 'Asistencia',
    22 => 'Asistencia',
    23 => 'Falta',
    24 => 'Falta',
    25 => 'Falta',
    26 => '90',
    27 => '40',
    28 => '3',
    29 => '0',
    30 => '6',
    31 => '6',
    32 => '10',
    33 => '46',
    34 => '460',
  ),
)
2015-05-28T15:48:16+02:00 INFO (6): array (
  0 => 
  array (
    0 => 'Nombre',
    1 => 'Id Empleado Pronoi',
    2 => 'Id Empleado RH',
    3 => 'Id Empleado Mitrol',
    4 => 'Fecha Ingreso',
    5 => 'Horario',
    6 => 'Unidad de Negocio',
    7 => 'Puesto',
    8 => 'Campaña',
    9 => 'Jefe Inmediato',
    10 => 'Sueldo Diario',
    11 => '1/5/2015',
    12 => '2/5/2015',
    13 => '3/5/2015',
    14 => '4/5/2015',
    15 => '5/5/2015',
    16 => '6/5/2015',
    17 => '7/5/2015',
    18 => '8/5/2015',
    19 => '9/5/2015',
    20 => '10/5/2015',
    21 => '11/5/2015',
    22 => '12/5/2015',
    23 => '13/5/2015',
    24 => '14/5/2015',
    25 => '15/5/2015',
    26 => 'Nota de Calidad -Nota
',
    27 => 'Nota de calidad - Ptos
',
    28 => 'Responsabilidad Personal - Faltas
',
    29 => 'Responsabilidad Personal - Ptos
',
    30 => 'Puntualidad - Retardos
',
    31 => 'Puntualidad - Ptos
',
    32 => 'Factor
',
    33 => 'Bono Final - %
',
    34 => 'Bono Final - $
',
  ),
  1 => 
  array (
    0 => 'AGENTE IP',
    1 => '82',
    2 => '36',
    3 => '144',
    4 => '2012-01-24 00:00:00.000',
    5 => '09:00-18:00',
    6 => 'Club de Asistencia',
    7 => 'Operador Telefónico',
    8 => '-',
    9 => 'JAIME HERNANDEZ',
    10 => '$ 116,66',
    11 => 'Falta',
    12 => 'Falta',
    13 => 'Falta',
    14 => 'Asistencia',
    15 => 'Asistencia',
    16 => 'Falta',
    17 => 'Asistencia',
    18 => 'Falta',
    19 => 'Falta',
    20 => 'Falta',
    21 => 'Asistencia',
    22 => 'Asistencia',
    23 => 'Falta',
    24 => 'Falta',
    25 => 'Falta',
    26 => '90',
    27 => '40',
    28 => '10',
    29 => '0',
    30 => '0',
    31 => '30',
    32 => '10',
    33 => '70',
    34 => '700',
  ),
  2 => 
  array (
    0 => 'JORGE SANCHEZ',
    1 => '91',
    2 => '45',
    3 => '153',
    4 => '2012-01-24 00:00:00.000',
    5 => '09:00-18:00',
    6 => 'Club de Asistencia',
    7 => 'Operador Telefónico',
    8 => '-',
    9 => 'JAIME HERNANDEZ',
    10 => '$ 116,66',
    11 => 'Asistencia',
    12 => 'Asistencia',
    13 => 'Asistencia',
    14 => 'Asistencia',
    15 => 'Asistencia',
    16 => 'Asistencia',
    17 => 'Asistencia',
    18 => 'Asistencia',
    19 => 'Asistencia',
    20 => 'Asistencia',
    21 => 'Asistencia',
    22 => 'Asistencia',
    23 => 'Falta',
    24 => 'Falta',
    25 => 'Falta',
    26 => '90',
    27 => '40',
    28 => '3',
    29 => '0',
    30 => '6',
    31 => '6',
    32 => '10',
    33 => '46',
    34 => '460',
  ),
)
2015-05-28T15:48:17+02:00 INFO (6): array (
  0 => 
  array (
    0 => 'Nombre',
    1 => 'Id Empleado Pronoi',
    2 => 'Id Empleado RH',
    3 => 'Id Empleado Mitrol',
    4 => 'Fecha Ingreso',
    5 => 'Horario',
    6 => 'Unidad de Negocio',
    7 => 'Puesto',
    8 => 'Campaña',
    9 => 'Jefe Inmediato',
    10 => 'Sueldo Diario',
    11 => '1/5/2015',
    12 => '2/5/2015',
    13 => '3/5/2015',
    14 => '4/5/2015',
    15 => '5/5/2015',
    16 => '6/5/2015',
    17 => '7/5/2015',
    18 => '8/5/2015',
    19 => '9/5/2015',
    20 => '10/5/2015',
    21 => '11/5/2015',
    22 => '12/5/2015',
    23 => '13/5/2015',
    24 => '14/5/2015',
    25 => '15/5/2015',
    26 => 'Nota de Calidad -Nota',
    27 => 'Nota de calidad - Ptos',
    28 => 'Responsabilidad Personal - Faltas',
    29 => 'Responsabilidad Personal - Ptos',
    30 => 'Puntualidad - Retardos',
    31 => 'Puntualidad - Ptos',
    32 => 'Factor',
    33 => 'Bono Final - %',
    34 => 'Bono Final - $',
  ),
  1 => 
  array (
    0 => 'AGENTE IP',
    1 => '82',
    2 => '36',
    3 => '144',
    4 => '2012-01-24 00:00:00.000',
    5 => '09:00-18:00',
    6 => 'Club de Asistencia',
    7 => 'Operador Telefónico',
    8 => '-',
    9 => 'JAIME HERNANDEZ',
    10 => '$ 116,66',
    11 => 'Falta',
    12 => 'Falta',
    13 => 'Falta',
    14 => 'Asistencia',
    15 => 'Asistencia',
    16 => 'Falta',
    17 => 'Asistencia',
    18 => 'Falta',
    19 => 'Falta',
    20 => 'Falta',
    21 => 'Asistencia',
    22 => 'Asistencia',
    23 => 'Falta',
    24 => 'Falta',
    25 => 'Falta',
    26 => '90',
    27 => '40',
    28 => '10',
    29 => '0',
    30 => '0',
    31 => '30',
    32 => '10',
    33 => '70',
    34 => '700',
  ),
  2 => 
  array (
    0 => 'JORGE SANCHEZ',
    1 => '91',
    2 => '45',
    3 => '153',
    4 => '2012-01-24 00:00:00.000',
    5 => '09:00-18:00',
    6 => 'Club de Asistencia',
    7 => 'Operador Telefónico',
    8 => '-',
    9 => 'JAIME HERNANDEZ',
    10 => '$ 116,66',
    11 => 'Asistencia',
    12 => 'Asistencia',
    13 => 'Asistencia',
    14 => 'Asistencia',
    15 => 'Asistencia',
    16 => 'Asistencia',
    17 => 'Asistencia',
    18 => 'Asistencia',
    19 => 'Asistencia',
    20 => 'Asistencia',
    21 => 'Asistencia',
    22 => 'Asistencia',
    23 => 'Falta',
    24 => 'Falta',
    25 => 'Falta',
    26 => '90',
    27 => '40',
    28 => '3',
    29 => '0',
    30 => '6',
    31 => '6',
    32 => '10',
    33 => '46',
    34 => '460',
  ),
)
2015-05-28T23:43:56+02:00 INFO (6): array (
  0 => 
  array (
    0 => 'Nombre',
    1 => 'Id Empleado Pronoi',
    2 => 'Id Empleado RH',
    3 => 'Id Empleado Mitrol',
    4 => 'Fecha Ingreso',
    5 => 'Horario',
    6 => 'Unidad de Negocio',
    7 => 'Puesto',
    8 => 'Campaña',
    9 => 'Jefe Inmediato',
    10 => 'Sueldo Diario',
    11 => '1/5/2015',
    12 => '2/5/2015',
    13 => '3/5/2015',
    14 => '4/5/2015',
    15 => '5/5/2015',
    16 => '6/5/2015',
    17 => '7/5/2015',
    18 => '8/5/2015',
    19 => '9/5/2015',
    20 => '10/5/2015',
    21 => '11/5/2015',
    22 => '12/5/2015',
    23 => '13/5/2015',
    24 => '14/5/2015',
    25 => '15/5/2015',
    26 => 'Nota de Calidad -Nota
',
    27 => 'Nota de calidad - Ptos
',
    28 => 'Responsabilidad Personal - Faltas
',
    29 => 'Responsabilidad Personal - Ptos
',
    30 => 'Puntualidad - Retardos
',
    31 => 'Puntualidad - Ptos
',
    32 => 'Factor
',
    33 => 'Bono Final - %
',
    34 => 'Bono Final - $
',
  ),
  1 => 
  array (
    0 => 'AGENTE IP',
    1 => '82',
    2 => '36',
    3 => '144',
    4 => '2012-01-24 00:00:00.000',
    5 => '09:00-18:00',
    6 => 'Club de Asistencia',
    7 => 'Operador Telefónico',
    8 => '-',
    9 => 'JAIME HERNANDEZ',
    10 => '$ 116,66',
    11 => 'Falta',
    12 => 'Falta',
    13 => 'Falta',
    14 => 'Asistencia',
    15 => 'Asistencia',
    16 => 'Falta',
    17 => 'Asistencia',
    18 => 'Falta',
    19 => 'Falta',
    20 => 'Falta',
    21 => 'Asistencia',
    22 => 'Asistencia',
    23 => 'Falta',
    24 => 'Falta',
    25 => 'Falta',
    26 => '90',
    27 => '40',
    28 => '10',
    29 => '0',
    30 => '0',
    31 => '30',
    32 => '10',
    33 => '70',
    34 => '700',
  ),
  2 => 
  array (
    0 => 'JORGE SANCHEZ',
    1 => '91',
    2 => '45',
    3 => '153',
    4 => '2012-01-24 00:00:00.000',
    5 => '09:00-18:00',
    6 => 'Club de Asistencia',
    7 => 'Operador Telefónico',
    8 => '-',
    9 => 'JAIME HERNANDEZ',
    10 => '$ 116,66',
    11 => 'Asistencia',
    12 => 'Asistencia',
    13 => 'Asistencia',
    14 => 'Asistencia',
    15 => 'Asistencia',
    16 => 'Asistencia',
    17 => 'Asistencia',
    18 => 'Asistencia',
    19 => 'Asistencia',
    20 => 'Asistencia',
    21 => 'Asistencia',
    22 => 'Asistencia',
    23 => 'Falta',
    24 => 'Falta',
    25 => 'Falta',
    26 => '90',
    27 => '40',
    28 => '3',
    29 => '0',
    30 => '6',
    31 => '6',
    32 => '10',
    33 => '46',
    34 => '460',
  ),
)
2015-05-28T23:43:58+02:00 INFO (6): array (
  0 => 
  array (
    0 => 'Nombre',
    1 => 'Id Empleado Pronoi',
    2 => 'Id Empleado RH',
    3 => 'Id Empleado Mitrol',
    4 => 'Fecha Ingreso',
    5 => 'Horario',
    6 => 'Unidad de Negocio',
    7 => 'Puesto',
    8 => 'Campaña',
    9 => 'Jefe Inmediato',
    10 => 'Sueldo Diario',
    11 => '1/5/2015',
    12 => '2/5/2015',
    13 => '3/5/2015',
    14 => '4/5/2015',
    15 => '5/5/2015',
    16 => '6/5/2015',
    17 => '7/5/2015',
    18 => '8/5/2015',
    19 => '9/5/2015',
    20 => '10/5/2015',
    21 => '11/5/2015',
    22 => '12/5/2015',
    23 => '13/5/2015',
    24 => '14/5/2015',
    25 => '15/5/2015',
    26 => 'Nota de Calidad -Nota',
    27 => 'Nota de calidad - Ptos',
    28 => 'Responsabilidad Personal - Faltas',
    29 => 'Responsabilidad Personal - Ptos',
    30 => 'Puntualidad - Retardos',
    31 => 'Puntualidad - Ptos',
    32 => 'Factor',
    33 => 'Bono Final - %',
    34 => 'Bono Final - $',
  ),
  1 => 
  array (
    0 => 'AGENTE IP',
    1 => '82',
    2 => '36',
    3 => '144',
    4 => '2012-01-24 00:00:00.000',
    5 => '09:00-18:00',
    6 => 'Club de Asistencia',
    7 => 'Operador Telefónico',
    8 => '-',
    9 => 'JAIME HERNANDEZ',
    10 => '$ 116,66',
    11 => 'Falta',
    12 => 'Falta',
    13 => 'Falta',
    14 => 'Asistencia',
    15 => 'Asistencia',
    16 => 'Falta',
    17 => 'Asistencia',
    18 => 'Falta',
    19 => 'Falta',
    20 => 'Falta',
    21 => 'Asistencia',
    22 => 'Asistencia',
    23 => 'Falta',
    24 => 'Falta',
    25 => 'Falta',
    26 => '90',
    27 => '40',
    28 => '10',
    29 => '0',
    30 => '0',
    31 => '30',
    32 => '10',
    33 => '70',
    34 => '700',
  ),
  2 => 
  array (
    0 => 'JORGE SANCHEZ',
    1 => '91',
    2 => '45',
    3 => '153',
    4 => '2012-01-24 00:00:00.000',
    5 => '09:00-18:00',
    6 => 'Club de Asistencia',
    7 => 'Operador Telefónico',
    8 => '-',
    9 => 'JAIME HERNANDEZ',
    10 => '$ 116,66',
    11 => 'Asistencia',
    12 => 'Asistencia',
    13 => 'Asistencia',
    14 => 'Asistencia',
    15 => 'Asistencia',
    16 => 'Asistencia',
    17 => 'Asistencia',
    18 => 'Asistencia',
    19 => 'Asistencia',
    20 => 'Asistencia',
    21 => 'Asistencia',
    22 => 'Asistencia',
    23 => 'Falta',
    24 => 'Falta',
    25 => 'Falta',
    26 => '90',
    27 => '40',
    28 => '3',
    29 => '0',
    30 => '6',
    31 => '6',
    32 => '10',
    33 => '46',
    34 => '460',
  ),
)
2015-05-28T23:46:49+02:00 INFO (6): array (
  0 => 
  array (
    0 => 'Nombre',
    1 => 'Id Empleado Pronoi',
    2 => 'Id Empleado RH',
    3 => 'Id Empleado Mitrol',
    4 => 'Fecha Ingreso',
    5 => 'Horario',
    6 => 'Unidad de Negocio',
    7 => 'Puesto',
    8 => 'Campaña',
    9 => 'Jefe Inmediato',
    10 => 'Sueldo Diario',
    11 => '1/5/2015',
    12 => '2/5/2015',
    13 => '3/5/2015',
    14 => '4/5/2015',
    15 => '5/5/2015',
    16 => '6/5/2015',
    17 => '7/5/2015',
    18 => '8/5/2015',
    19 => '9/5/2015',
    20 => '10/5/2015',
    21 => '11/5/2015',
    22 => '12/5/2015',
    23 => '13/5/2015',
    24 => '14/5/2015',
    25 => '15/5/2015',
    26 => 'Nota de Calidad -Nota
',
    27 => 'Nota de calidad - Ptos
',
    28 => 'Responsabilidad Personal - Faltas
',
    29 => 'Responsabilidad Personal - Ptos
',
    30 => 'Puntualidad - Retardos
',
    31 => 'Puntualidad - Ptos
',
    32 => 'Factor
',
    33 => 'Bono Final - %
',
    34 => 'Bono Final - $
',
  ),
  1 => 
  array (
    0 => 'AGENTE IP',
    1 => '82',
    2 => '36',
    3 => '144',
    4 => '2012-01-24 00:00:00.000',
    5 => '09:00-18:00',
    6 => 'Club de Asistencia',
    7 => 'Operador Telefónico',
    8 => '-',
    9 => 'JAIME HERNANDEZ',
    10 => '$ 116,66',
    11 => 'Falta',
    12 => 'Falta',
    13 => 'Falta',
    14 => 'Asistencia',
    15 => 'Asistencia',
    16 => 'Falta',
    17 => 'Asistencia',
    18 => 'Falta',
    19 => 'Falta',
    20 => 'Falta',
    21 => 'Asistencia',
    22 => 'Asistencia',
    23 => 'Falta',
    24 => 'Falta',
    25 => 'Falta',
    26 => '90',
    27 => '40',
    28 => '10',
    29 => '0',
    30 => '0',
    31 => '30',
    32 => '7',
    33 => '70',
    34 => '490',
  ),
  2 => 
  array (
    0 => 'JORGE SANCHEZ',
    1 => '91',
    2 => '45',
    3 => '153',
    4 => '2012-01-24 00:00:00.000',
    5 => '09:00-18:00',
    6 => 'Club de Asistencia',
    7 => 'Operador Telefónico',
    8 => '-',
    9 => 'JAIME HERNANDEZ',
    10 => '$ 116,66',
    11 => 'Asistencia',
    12 => 'Asistencia',
    13 => 'Asistencia',
    14 => 'Asistencia',
    15 => 'Asistencia',
    16 => 'Asistencia',
    17 => 'Asistencia',
    18 => 'Asistencia',
    19 => 'Asistencia',
    20 => 'Asistencia',
    21 => 'Asistencia',
    22 => 'Asistencia',
    23 => 'Falta',
    24 => 'Falta',
    25 => 'Falta',
    26 => '90',
    27 => '40',
    28 => '3',
    29 => '0',
    30 => '6',
    31 => '6',
    32 => '7',
    33 => '46',
    34 => '322',
  ),
)
2015-05-28T23:46:50+02:00 INFO (6): array (
  0 => 
  array (
    0 => 'Nombre',
    1 => 'Id Empleado Pronoi',
    2 => 'Id Empleado RH',
    3 => 'Id Empleado Mitrol',
    4 => 'Fecha Ingreso',
    5 => 'Horario',
    6 => 'Unidad de Negocio',
    7 => 'Puesto',
    8 => 'Campaña',
    9 => 'Jefe Inmediato',
    10 => 'Sueldo Diario',
    11 => '1/5/2015',
    12 => '2/5/2015',
    13 => '3/5/2015',
    14 => '4/5/2015',
    15 => '5/5/2015',
    16 => '6/5/2015',
    17 => '7/5/2015',
    18 => '8/5/2015',
    19 => '9/5/2015',
    20 => '10/5/2015',
    21 => '11/5/2015',
    22 => '12/5/2015',
    23 => '13/5/2015',
    24 => '14/5/2015',
    25 => '15/5/2015',
    26 => 'Nota de Calidad -Nota',
    27 => 'Nota de calidad - Ptos',
    28 => 'Responsabilidad Personal - Faltas',
    29 => 'Responsabilidad Personal - Ptos',
    30 => 'Puntualidad - Retardos',
    31 => 'Puntualidad - Ptos',
    32 => 'Factor',
    33 => 'Bono Final - %',
    34 => 'Bono Final - $',
  ),
  1 => 
  array (
    0 => 'AGENTE IP',
    1 => '82',
    2 => '36',
    3 => '144',
    4 => '2012-01-24 00:00:00.000',
    5 => '09:00-18:00',
    6 => 'Club de Asistencia',
    7 => 'Operador Telefónico',
    8 => '-',
    9 => 'JAIME HERNANDEZ',
    10 => '$ 116,66',
    11 => 'Falta',
    12 => 'Falta',
    13 => 'Falta',
    14 => 'Asistencia',
    15 => 'Asistencia',
    16 => 'Falta',
    17 => 'Asistencia',
    18 => 'Falta',
    19 => 'Falta',
    20 => 'Falta',
    21 => 'Asistencia',
    22 => 'Asistencia',
    23 => 'Falta',
    24 => 'Falta',
    25 => 'Falta',
    26 => '90',
    27 => '40',
    28 => '10',
    29 => '0',
    30 => '0',
    31 => '30',
    32 => '7',
    33 => '70',
    34 => '490',
  ),
  2 => 
  array (
    0 => 'JORGE SANCHEZ',
    1 => '91',
    2 => '45',
    3 => '153',
    4 => '2012-01-24 00:00:00.000',
    5 => '09:00-18:00',
    6 => 'Club de Asistencia',
    7 => 'Operador Telefónico',
    8 => '-',
    9 => 'JAIME HERNANDEZ',
    10 => '$ 116,66',
    11 => 'Asistencia',
    12 => 'Asistencia',
    13 => 'Asistencia',
    14 => 'Asistencia',
    15 => 'Asistencia',
    16 => 'Asistencia',
    17 => 'Asistencia',
    18 => 'Asistencia',
    19 => 'Asistencia',
    20 => 'Asistencia',
    21 => 'Asistencia',
    22 => 'Asistencia',
    23 => 'Falta',
    24 => 'Falta',
    25 => 'Falta',
    26 => '90',
    27 => '40',
    28 => '3',
    29 => '0',
    30 => '6',
    31 => '6',
    32 => '7',
    33 => '46',
    34 => '322',
  ),
)
2015-05-29T00:04:01+02:00 INFO (6): array (
  0 => 
  array (
    0 => 'Nombre',
    1 => 'Id Empleado Pronoi',
    2 => 'Id Empleado RH',
    3 => 'Id Empleado Mitrol',
    4 => 'Fecha Ingreso',
    5 => 'Horario',
    6 => 'Unidad de Negocio',
    7 => 'Puesto',
    8 => 'Campaña',
    9 => 'Jefe Inmediato',
    10 => 'Sueldo Diario',
    11 => '1/5/2015',
    12 => '2/5/2015',
    13 => '3/5/2015',
    14 => '4/5/2015',
    15 => '5/5/2015',
    16 => '6/5/2015',
    17 => '7/5/2015',
    18 => '8/5/2015',
    19 => '9/5/2015',
    20 => '10/5/2015',
    21 => '11/5/2015',
    22 => '12/5/2015',
    23 => '13/5/2015',
    24 => '14/5/2015',
    25 => '15/5/2015',
    26 => 'Nota de Calidad -Nota',
    27 => 'Nota de calidad - Ptos',
    28 => 'Responsabilidad Personal - Faltas',
    29 => 'Responsabilidad Personal - Ptos',
    30 => 'Puntualidad - Retardos',
    31 => 'Puntualidad - Ptos',
    32 => 'Factor',
    33 => 'Bono Final - %',
    34 => 'Bono Final - $',
  ),
  1 => 
  array (
    0 => 'AGENTE IP',
    1 => '82',
    2 => '36',
    3 => '144',
    4 => '2012-01-24 00:00:00.000',
    5 => '09:00-18:00',
    6 => 'Club de Asistencia',
    7 => 'Operador Telefónico',
    8 => '-',
    9 => 'JAIME HERNANDEZ',
    10 => '$ 116,66',
    11 => 'Falta',
    12 => 'Falta',
    13 => 'Falta',
    14 => 'Asistencia',
    15 => 'Asistencia',
    16 => 'Falta',
    17 => 'Asistencia',
    18 => 'Falta',
    19 => 'Falta',
    20 => 'Falta',
    21 => 'Asistencia',
    22 => 'Asistencia',
    23 => 'Falta',
    24 => 'Falta',
    25 => 'Falta',
    26 => '90',
    27 => '40',
    28 => '10',
    29 => '0',
    30 => '0',
    31 => '30',
    32 => '7',
    33 => '70',
    34 => '490',
  ),
  2 => 
  array (
    0 => 'JORGE SANCHEZ',
    1 => '91',
    2 => '45',
    3 => '153',
    4 => '2012-01-24 00:00:00.000',
    5 => '09:00-18:00',
    6 => 'Club de Asistencia',
    7 => 'Operador Telefónico',
    8 => '-',
    9 => 'JAIME HERNANDEZ',
    10 => '$ 116,66',
    11 => 'Asistencia',
    12 => 'Asistencia',
    13 => 'Asistencia',
    14 => 'Asistencia',
    15 => 'Asistencia',
    16 => 'Asistencia',
    17 => 'Asistencia',
    18 => 'Asistencia',
    19 => 'Asistencia',
    20 => 'Asistencia',
    21 => 'Asistencia',
    22 => 'Asistencia',
    23 => 'Falta',
    24 => 'Falta',
    25 => 'Falta',
    26 => '90',
    27 => '40',
    28 => '3',
    29 => '0',
    30 => '6',
    31 => '6',
    32 => '7',
    33 => '46',
    34 => '322',
  ),
)
2015-05-29T00:07:19+02:00 INFO (6): array (
  0 => 
  array (
    0 => 'Nombre',
    1 => 'Id Empleado Pronoi',
    2 => 'Id Empleado RH',
    3 => 'Id Empleado Mitrol',
    4 => 'Fecha Ingreso',
    5 => 'Horario',
    6 => 'Unidad de Negocio',
    7 => 'Puesto',
    8 => 'Campaña',
    9 => 'Jefe Inmediato',
    10 => 'Sueldo Diario',
    11 => '1/5/2015',
    12 => '2/5/2015',
    13 => '3/5/2015',
    14 => '4/5/2015',
    15 => '5/5/2015',
    16 => '6/5/2015',
    17 => '7/5/2015',
    18 => '8/5/2015',
    19 => '9/5/2015',
    20 => '10/5/2015',
    21 => '11/5/2015',
    22 => '12/5/2015',
    23 => '13/5/2015',
    24 => '14/5/2015',
    25 => '15/5/2015',
    26 => 'Nota de Calidad -Nota',
    27 => 'Nota de calidad - Ptos',
    28 => 'Responsabilidad Personal - Faltas',
    29 => 'Responsabilidad Personal - Ptos',
    30 => 'Puntualidad - Retardos',
    31 => 'Puntualidad - Ptos',
    32 => 'Factor',
    33 => 'Bono Final - %',
    34 => 'Bono Final - $',
  ),
  1 => 
  array (
    0 => 'AGENTE IP',
    1 => '82',
    2 => '36',
    3 => '144',
    4 => '2012-01-24 00:00:00.000',
    5 => '09:00-18:00',
    6 => 'Club de Asistencia',
    7 => 'Operador Telefónico',
    8 => '-',
    9 => 'JAIME HERNANDEZ',
    10 => '$ 116,66',
    11 => 'Falta',
    12 => 'Falta',
    13 => 'Falta',
    14 => 'Asistencia',
    15 => 'Asistencia',
    16 => 'Falta',
    17 => 'Asistencia',
    18 => 'Falta',
    19 => 'Falta',
    20 => 'Falta',
    21 => 'Asistencia',
    22 => 'Asistencia',
    23 => 'Falta',
    24 => 'Falta',
    25 => 'Falta',
    26 => '90',
    27 => '40',
    28 => '10',
    29 => '0',
    30 => '0',
    31 => '30',
    32 => '7',
    33 => '70',
    34 => '490',
  ),
  2 => 
  array (
    0 => 'JORGE SANCHEZ',
    1 => '91',
    2 => '45',
    3 => '153',
    4 => '2012-01-24 00:00:00.000',
    5 => '09:00-18:00',
    6 => 'Club de Asistencia',
    7 => 'Operador Telefónico',
    8 => '-',
    9 => 'JAIME HERNANDEZ',
    10 => '$ 116,66',
    11 => 'Asistencia',
    12 => 'Asistencia',
    13 => 'Asistencia',
    14 => 'Asistencia',
    15 => 'Asistencia',
    16 => 'Asistencia',
    17 => 'Asistencia',
    18 => 'Asistencia',
    19 => 'Asistencia',
    20 => 'Asistencia',
    21 => 'Asistencia',
    22 => 'Asistencia',
    23 => 'Falta',
    24 => 'Falta',
    25 => 'Falta',
    26 => '90',
    27 => '40',
    28 => '3',
    29 => '0',
    30 => '6',
    31 => '6',
    32 => '7',
    33 => '46',
    34 => '322',
  ),
)
2015-05-29T00:08:47+02:00 INFO (6): array (
  0 => 
  array (
    0 => 'Nombre',
    1 => 'Id Empleado Pronoi',
    2 => 'Id Empleado RH',
    3 => 'Id Empleado Mitrol',
    4 => 'Fecha Ingreso',
    5 => 'Horario',
    6 => 'Unidad de Negocio',
    7 => 'Puesto',
    8 => 'Campaña',
    9 => 'Jefe Inmediato',
    10 => 'Sueldo Diario',
    11 => '1/5/2015',
    12 => '2/5/2015',
    13 => '3/5/2015',
    14 => '4/5/2015',
    15 => '5/5/2015',
    16 => '6/5/2015',
    17 => '7/5/2015',
    18 => '8/5/2015',
    19 => '9/5/2015',
    20 => '10/5/2015',
    21 => '11/5/2015',
    22 => '12/5/2015',
    23 => '13/5/2015',
    24 => '14/5/2015',
    25 => '15/5/2015',
    26 => 'Nota de Calidad -Nota',
    27 => 'Nota de calidad - Ptos',
    28 => 'Responsabilidad Personal - Faltas',
    29 => 'Responsabilidad Personal - Ptos',
    30 => 'Puntualidad - Retardos',
    31 => 'Puntualidad - Ptos',
    32 => 'Factor',
    33 => 'Bono Final - %',
    34 => 'Bono Final - $',
  ),
  1 => 
  array (
    0 => 'AGENTE IP',
    1 => '82',
    2 => '36',
    3 => '144',
    4 => '2012-01-24 00:00:00.000',
    5 => '09:00-18:00',
    6 => 'Club de Asistencia',
    7 => 'Operador Telefónico',
    8 => '-',
    9 => 'JAIME HERNANDEZ',
    10 => '$ 116,66',
    11 => 'Falta',
    12 => 'Falta',
    13 => 'Falta',
    14 => 'Asistencia',
    15 => 'Asistencia',
    16 => 'Falta',
    17 => 'Asistencia',
    18 => 'Falta',
    19 => 'Falta',
    20 => 'Falta',
    21 => 'Asistencia',
    22 => 'Asistencia',
    23 => 'Falta',
    24 => 'Falta',
    25 => 'Falta',
    26 => '90',
    27 => '40',
    28 => '10',
    29 => '0',
    30 => '0',
    31 => '30',
    32 => '7',
    33 => '70',
    34 => '490',
  ),
  2 => 
  array (
    0 => 'JORGE SANCHEZ',
    1 => '91',
    2 => '45',
    3 => '153',
    4 => '2012-01-24 00:00:00.000',
    5 => '09:00-18:00',
    6 => 'Club de Asistencia',
    7 => 'Operador Telefónico',
    8 => '-',
    9 => 'JAIME HERNANDEZ',
    10 => '$ 116,66',
    11 => 'Asistencia',
    12 => 'Asistencia',
    13 => 'Asistencia',
    14 => 'Asistencia',
    15 => 'Asistencia',
    16 => 'Asistencia',
    17 => 'Asistencia',
    18 => 'Asistencia',
    19 => 'Asistencia',
    20 => 'Asistencia',
    21 => 'Asistencia',
    22 => 'Asistencia',
    23 => 'Falta',
    24 => 'Falta',
    25 => 'Falta',
    26 => '90',
    27 => '40',
    28 => '3',
    29 => '0',
    30 => '6',
    31 => '6',
    32 => '7',
    33 => '46',
    34 => '322',
  ),
)
2015-05-29T00:10:30+02:00 INFO (6): array (
  0 => 
  array (
    0 => 'Nombre',
    1 => 'Id Empleado Pronoi',
    2 => 'Id Empleado RH',
    3 => 'Id Empleado Mitrol',
    4 => 'Fecha Ingreso',
    5 => 'Horario',
    6 => 'Unidad de Negocio',
    7 => 'Puesto',
    8 => 'Campaña',
    9 => 'Jefe Inmediato',
    10 => 'Sueldo Diario',
    11 => '1/5/2015',
    12 => '2/5/2015',
    13 => '3/5/2015',
    14 => '4/5/2015',
    15 => '5/5/2015',
    16 => '6/5/2015',
    17 => '7/5/2015',
    18 => '8/5/2015',
    19 => '9/5/2015',
    20 => '10/5/2015',
    21 => '11/5/2015',
    22 => '12/5/2015',
    23 => '13/5/2015',
    24 => '14/5/2015',
    25 => '15/5/2015',
    26 => 'Nota de Calidad -Nota',
    27 => 'Nota de calidad - Ptos',
    28 => 'Responsabilidad Personal - Faltas',
    29 => 'Responsabilidad Personal - Ptos',
    30 => 'Puntualidad - Retardos',
    31 => 'Puntualidad - Ptos',
    32 => 'Factor',
    33 => 'Bono Final - %',
    34 => 'Bono Final - $',
  ),
  1 => 
  array (
    0 => 'AGENTE IP',
    1 => '82',
    2 => '36',
    3 => '144',
    4 => '2012-01-24 00:00:00.000',
    5 => '09:00-18:00',
    6 => 'Club de Asistencia',
    7 => 'Operador Telefónico',
    8 => '-',
    9 => 'JAIME HERNANDEZ',
    10 => '$ 116,66',
    11 => 'Falta',
    12 => 'Falta',
    13 => 'Falta',
    14 => 'Asistencia',
    15 => 'Asistencia',
    16 => 'Falta',
    17 => 'Asistencia',
    18 => 'Falta',
    19 => 'Falta',
    20 => 'Falta',
    21 => 'Asistencia',
    22 => 'Asistencia',
    23 => 'Falta',
    24 => 'Falta',
    25 => 'Falta',
    26 => '90',
    27 => '40',
    28 => '10',
    29 => '0',
    30 => '0',
    31 => '30',
    32 => '7',
    33 => '70',
    34 => '490',
  ),
  2 => 
  array (
    0 => 'JORGE SANCHEZ',
    1 => '91',
    2 => '45',
    3 => '153',
    4 => '2012-01-24 00:00:00.000',
    5 => '09:00-18:00',
    6 => 'Club de Asistencia',
    7 => 'Operador Telefónico',
    8 => '-',
    9 => 'JAIME HERNANDEZ',
    10 => '$ 116,66',
    11 => 'Asistencia',
    12 => 'Asistencia',
    13 => 'Asistencia',
    14 => 'Asistencia',
    15 => 'Asistencia',
    16 => 'Asistencia',
    17 => 'Asistencia',
    18 => 'Asistencia',
    19 => 'Asistencia',
    20 => 'Asistencia',
    21 => 'Asistencia',
    22 => 'Asistencia',
    23 => 'Falta',
    24 => 'Falta',
    25 => 'Falta',
    26 => '90',
    27 => '40',
    28 => '3',
    29 => '0',
    30 => '6',
    31 => '6',
    32 => '7',
    33 => '46',
    34 => '322',
  ),
)
2015-05-29T00:10:47+02:00 INFO (6): array (
  0 => 
  array (
    0 => 'Nombre',
    1 => 'Id Empleado Pronoi',
    2 => 'Id Empleado RH',
    3 => 'Id Empleado Mitrol',
    4 => 'Fecha Ingreso',
    5 => 'Horario',
    6 => 'Unidad de Negocio',
    7 => 'Puesto',
    8 => 'Campaña',
    9 => 'Jefe Inmediato',
    10 => 'Sueldo Diario',
    11 => '1/5/2015',
    12 => '2/5/2015',
    13 => '3/5/2015',
    14 => '4/5/2015',
    15 => '5/5/2015',
    16 => '6/5/2015',
    17 => '7/5/2015',
    18 => '8/5/2015',
    19 => '9/5/2015',
    20 => '10/5/2015',
    21 => '11/5/2015',
    22 => '12/5/2015',
    23 => '13/5/2015',
    24 => '14/5/2015',
    25 => '15/5/2015',
    26 => 'Nota de Calidad -Nota',
    27 => 'Nota de calidad - Ptos',
    28 => 'Responsabilidad Personal - Faltas',
    29 => 'Responsabilidad Personal - Ptos',
    30 => 'Puntualidad - Retardos',
    31 => 'Puntualidad - Ptos',
    32 => 'Factor',
    33 => 'Bono Final - %',
    34 => 'Bono Final - $',
  ),
  1 => 
  array (
    0 => 'AGENTE IP',
    1 => '82',
    2 => '36',
    3 => '144',
    4 => '2012-01-24 00:00:00.000',
    5 => '09:00-18:00',
    6 => 'Club de Asistencia',
    7 => 'Operador Telefónico',
    8 => '-',
    9 => 'JAIME HERNANDEZ',
    10 => '$ 116,66',
    11 => 'Falta',
    12 => 'Falta',
    13 => 'Falta',
    14 => 'Asistencia',
    15 => 'Asistencia',
    16 => 'Falta',
    17 => 'Asistencia',
    18 => 'Falta',
    19 => 'Falta',
    20 => 'Falta',
    21 => 'Asistencia',
    22 => 'Asistencia',
    23 => 'Falta',
    24 => 'Falta',
    25 => 'Falta',
    26 => '90',
    27 => '40',
    28 => '10',
    29 => '0',
    30 => '0',
    31 => '30',
    32 => '7',
    33 => '70',
    34 => '490',
  ),
  2 => 
  array (
    0 => 'JORGE SANCHEZ',
    1 => '91',
    2 => '45',
    3 => '153',
    4 => '2012-01-24 00:00:00.000',
    5 => '09:00-18:00',
    6 => 'Club de Asistencia',
    7 => 'Operador Telefónico',
    8 => '-',
    9 => 'JAIME HERNANDEZ',
    10 => '$ 116,66',
    11 => 'Asistencia',
    12 => 'Asistencia',
    13 => 'Asistencia',
    14 => 'Asistencia',
    15 => 'Asistencia',
    16 => 'Asistencia',
    17 => 'Asistencia',
    18 => 'Asistencia',
    19 => 'Asistencia',
    20 => 'Asistencia',
    21 => 'Asistencia',
    22 => 'Asistencia',
    23 => 'Falta',
    24 => 'Falta',
    25 => 'Falta',
    26 => '90',
    27 => '40',
    28 => '3',
    29 => '0',
    30 => '6',
    31 => '6',
    32 => '7',
    33 => '46',
    34 => '322',
  ),
)
2015-05-29T00:11:23+02:00 INFO (6): array (
  0 => 
  array (
    0 => 'Nombre',
    1 => 'Id Empleado Pronoi',
    2 => 'Id Empleado RH',
    3 => 'Id Empleado Mitrol',
    4 => 'Fecha Ingreso',
    5 => 'Horario',
    6 => 'Unidad de Negocio',
    7 => 'Puesto',
    8 => 'Campaña',
    9 => 'Jefe Inmediato',
    10 => 'Sueldo Diario',
    11 => '1/5/2015',
    12 => '2/5/2015',
    13 => '3/5/2015',
    14 => '4/5/2015',
    15 => '5/5/2015',
    16 => '6/5/2015',
    17 => '7/5/2015',
    18 => '8/5/2015',
    19 => '9/5/2015',
    20 => '10/5/2015',
    21 => '11/5/2015',
    22 => '12/5/2015',
    23 => '13/5/2015',
    24 => '14/5/2015',
    25 => '15/5/2015',
    26 => 'Nota de Calidad -Nota',
    27 => 'Nota de calidad - Ptos',
    28 => 'Responsabilidad Personal - Faltas',
    29 => 'Responsabilidad Personal - Ptos',
    30 => 'Puntualidad - Retardos',
    31 => 'Puntualidad - Ptos',
    32 => 'Factor',
    33 => 'Bono Final - %',
    34 => 'Bono Final - $',
  ),
  1 => 
  array (
    0 => 'AGENTE IP',
    1 => '82',
    2 => '36',
    3 => '144',
    4 => '2012-01-24 00:00:00.000',
    5 => '09:00-18:00',
    6 => 'Club de Asistencia',
    7 => 'Operador Telefónico',
    8 => '-',
    9 => 'JAIME HERNANDEZ',
    10 => '$ 116,66',
    11 => 'Falta',
    12 => 'Falta',
    13 => 'Falta',
    14 => 'Asistencia',
    15 => 'Asistencia',
    16 => 'Falta',
    17 => 'Asistencia',
    18 => 'Falta',
    19 => 'Falta',
    20 => 'Falta',
    21 => 'Asistencia',
    22 => 'Asistencia',
    23 => 'Falta',
    24 => 'Falta',
    25 => 'Falta',
    26 => '90',
    27 => '40',
    28 => '10',
    29 => '0',
    30 => '0',
    31 => '30',
    32 => '7',
    33 => '70',
    34 => '490',
  ),
  2 => 
  array (
    0 => 'JORGE SANCHEZ',
    1 => '91',
    2 => '45',
    3 => '153',
    4 => '2012-01-24 00:00:00.000',
    5 => '09:00-18:00',
    6 => 'Club de Asistencia',
    7 => 'Operador Telefónico',
    8 => '-',
    9 => 'JAIME HERNANDEZ',
    10 => '$ 116,66',
    11 => 'Asistencia',
    12 => 'Asistencia',
    13 => 'Asistencia',
    14 => 'Asistencia',
    15 => 'Asistencia',
    16 => 'Asistencia',
    17 => 'Asistencia',
    18 => 'Asistencia',
    19 => 'Asistencia',
    20 => 'Asistencia',
    21 => 'Asistencia',
    22 => 'Asistencia',
    23 => 'Falta',
    24 => 'Falta',
    25 => 'Falta',
    26 => '90',
    27 => '40',
    28 => '3',
    29 => '0',
    30 => '6',
    31 => '6',
    32 => '7',
    33 => '46',
    34 => '322',
  ),
)
2015-05-29T00:12:28+02:00 INFO (6):
